2025-10-08 20:23:57,045 [INFO] 未指定 --date，使用最近日期 2025-09-30
2025-10-08 20:24:01,496 [INFO] 
2025-10-08 20:24:01,496 [INFO] ============== 选股结果 [少妇战法] ==============
2025-10-08 20:24:01,496 [INFO] 交易日: 2025-09-30
2025-10-08 20:24:01,496 [INFO] 符合条件股票数: 157
2025-10-08 20:24:01,496 [INFO] 000036, 000061, 000070, 000517, 000628, 000669, 000700, 000718, 000727, 000766, 000796, 001202, 001283, 001317, 002008, 002010, 002040, 002042, 002055, 002060, 002066, 002080, 002100, 002101, 002106, 002146, 002183, 002232, 002261, 002262, 002269, 002272, 002273, 002276, 002277, 002328, 002423, 002429, 002436, 002456, 002463, 002492, 002501, 002514, 002529, 002536, 002544, 002547, 002553, 002555, 002563, 002617, 002642, 002705, 002706, 002715, 002745, 002801, 002815, 002870, 002872, 002884, 002896, 002902, 002913, 002915, 002938, 002955, 002965, 002975, 002993, 003021, 600008, 600056, 600082, 600114, 600157, 600162, 600170, 600179, 600183, 600211, 600221, 600231, 600379, 600381, 600410, 600501, 600545, 600568, 600580, 600592, 600651, 600681, 600699, 600776, 600795, 600816, 600850, 600977, 601005, 601022, 601136, 601208, 601588, 601699, 601866, 601880, 601908, 601992, 603009, 603030, 603052, 603088, 603089, 603091, 603098, 603099, 603127, 603138, 603151, 603158, 603200, 603201, 603219, 603221, 603228, 603256, 603271, 603276, 603297, 603328, 603360, 603363, 603368, 603381, 603416, 603583, 603613, 603633, 603661, 603662, 603667, 603730, 603757, 603816, 603881, 603915, 603936, 603980, 603988, 603989, 605068, 605098, 605133, 605258, 605378
2025-10-08 20:24:05,314 [INFO] 
2025-10-08 20:24:05,314 [INFO] ============== 选股结果 [双线战法] ==============
2025-10-08 20:24:05,314 [INFO] 交易日: 2025-09-30
2025-10-08 20:24:05,314 [INFO] 符合条件股票数: 123
2025-10-08 20:24:05,314 [INFO] 000036, 000061, 000070, 000517, 000628, 000669, 000700, 000718, 000727, 000766, 000796, 001202, 001283, 001317, 002040, 002042, 002055, 002060, 002080, 002100, 002101, 002106, 002146, 002232, 002261, 002262, 002269, 002272, 002273, 002277, 002328, 002423, 002456, 002492, 002514, 002529, 002536, 002547, 002553, 002555, 002563, 002617, 002642, 002705, 002706, 002745, 002801, 002815, 002872, 002884, 002896, 002902, 002913, 002915, 002938, 002955, 002965, 002975, 002993, 600008, 600056, 600082, 600162, 600170, 600179, 600211, 600231, 600379, 600381, 600410, 600545, 600568, 600592, 600681, 600776, 600795, 600816, 600850, 600977, 601005, 601022, 601208, 601588, 601866, 601880, 601908, 601992, 603052, 603089, 603091, 603098, 603099, 603127, 603138, 603151, 603158, 603200, 603201, 603219, 603221, 603228, 603256, 603271, 603276, 603328, 603360, 603363, 603368, 603381, 603583, 603613, 603633, 603661, 603730, 603757, 603816, 603915, 603980, 603989, 605098, 605133, 605258, 605378
2025-10-08 20:25:45,411 [INFO] 未指定 --date，使用最近日期 2025-09-30
2025-10-08 20:25:49,513 [INFO] 
2025-10-08 20:25:49,513 [INFO] ============== 选股结果 [少妇战法] ==============
2025-10-08 20:25:49,513 [INFO] 交易日: 2025-09-30
2025-10-08 20:25:49,513 [INFO] 符合条件股票数: 157
2025-10-08 20:25:49,513 [INFO] 000036, 000061, 000070, 000517, 000628, 000669, 000700, 000718, 000727, 000766, 000796, 001202, 001283, 001317, 002008, 002010, 002040, 002042, 002055, 002060, 002066, 002080, 002100, 002101, 002106, 002146, 002183, 002232, 002261, 002262, 002269, 002272, 002273, 002276, 002277, 002328, 002423, 002429, 002436, 002456, 002463, 002492, 002501, 002514, 002529, 002536, 002544, 002547, 002553, 002555, 002563, 002617, 002642, 002705, 002706, 002715, 002745, 002801, 002815, 002870, 002872, 002884, 002896, 002902, 002913, 002915, 002938, 002955, 002965, 002975, 002993, 003021, 600008, 600056, 600082, 600114, 600157, 600162, 600170, 600179, 600183, 600211, 600221, 600231, 600379, 600381, 600410, 600501, 600545, 600568, 600580, 600592, 600651, 600681, 600699, 600776, 600795, 600816, 600850, 600977, 601005, 601022, 601136, 601208, 601588, 601699, 601866, 601880, 601908, 601992, 603009, 603030, 603052, 603088, 603089, 603091, 603098, 603099, 603127, 603138, 603151, 603158, 603200, 603201, 603219, 603221, 603228, 603256, 603271, 603276, 603297, 603328, 603360, 603363, 603368, 603381, 603416, 603583, 603613, 603633, 603661, 603662, 603667, 603730, 603757, 603816, 603881, 603915, 603936, 603980, 603988, 603989, 605068, 605098, 605133, 605258, 605378
2025-10-08 20:25:53,323 [INFO] 
2025-10-08 20:25:53,323 [INFO] ============== 选股结果 [双线战法] ==============
2025-10-08 20:25:53,323 [INFO] 交易日: 2025-09-30
2025-10-08 20:25:53,323 [INFO] 符合条件股票数: 123
2025-10-08 20:25:53,323 [INFO] 000036, 000061, 000070, 000517, 000628, 000669, 000700, 000718, 000727, 000766, 000796, 001202, 001283, 001317, 002040, 002042, 002055, 002060, 002080, 002100, 002101, 002106, 002146, 002232, 002261, 002262, 002269, 002272, 002273, 002277, 002328, 002423, 002456, 002492, 002514, 002529, 002536, 002547, 002553, 002555, 002563, 002617, 002642, 002705, 002706, 002745, 002801, 002815, 002872, 002884, 002896, 002902, 002913, 002915, 002938, 002955, 002965, 002975, 002993, 600008, 600056, 600082, 600162, 600170, 600179, 600211, 600231, 600379, 600381, 600410, 600545, 600568, 600592, 600681, 600776, 600795, 600816, 600850, 600977, 601005, 601022, 601208, 601588, 601866, 601880, 601908, 601992, 603052, 603089, 603091, 603098, 603099, 603127, 603138, 603151, 603158, 603200, 603201, 603219, 603221, 603228, 603256, 603271, 603276, 603328, 603360, 603363, 603368, 603381, 603583, 603613, 603633, 603661, 603730, 603757, 603816, 603915, 603980, 603989, 605098, 605133, 605258, 605378
2025-10-08 20:25:55,301 [INFO] 
2025-10-08 20:25:55,301 [INFO] ============== 选股结果 [B2战法] ==============
2025-10-08 20:25:55,301 [INFO] 交易日: 2025-09-30
2025-10-08 20:25:55,301 [INFO] 符合条件股票数: 13
2025-10-08 20:25:55,301 [INFO] 000959, 000980, 002020, 002068, 002115, 002527, 002630, 002631, 002846, 600721, 603618, 603666, 603678
2025-10-08 20:26:21,701 [INFO] 
2025-10-08 20:26:21,701 [INFO] ============== 选股结果 [SuperB1战法] ==============
2025-10-08 20:26:21,701 [INFO] 交易日: 2025-09-30
2025-10-08 20:26:21,701 [INFO] 符合条件股票数: 0
2025-10-08 20:26:21,701 [INFO] 无符合条件股票
2025-10-08 20:26:43,120 [INFO] 
2025-10-08 20:26:43,120 [INFO] ============== 选股结果 [补票战法] ==============
2025-10-08 20:26:43,120 [INFO] 交易日: 2025-09-30
2025-10-08 20:26:43,120 [INFO] 符合条件股票数: 3
2025-10-08 20:26:43,120 [INFO] 002074, 601872, 603179
2025-10-08 20:26:48,082 [INFO] 
2025-10-08 20:26:48,082 [INFO] ============== 选股结果 [填坑战法] ==============
2025-10-08 20:26:48,082 [INFO] 交易日: 2025-09-30
2025-10-08 20:26:48,082 [INFO] 符合条件股票数: 6
2025-10-08 20:26:48,082 [INFO] 001202, 002276, 002547, 002745, 603667, 603988
2025-10-08 20:26:51,938 [INFO] 
2025-10-08 20:26:51,938 [INFO] ============== 选股结果 [上穿60放量战法] ==============
2025-10-08 20:26:51,938 [INFO] 交易日: 2025-09-30
2025-10-08 20:26:51,938 [INFO] 符合条件股票数: 11
2025-10-08 20:26:51,938 [INFO] 000766, 002010, 002060, 002101, 002547, 002870, 600170, 601022, 603030, 603091, 603988
